Change Footprint: Footprint Not Found SOT95P280X145-6N
Added Component: Designator=U6(SOIC127P790X216-8)
Add component: Footprint Not Found SOT95P280X145-6N
Add Pin To Net: Unknown Pin: Pin TP1-0
Add Pin To Net: Unknown Pin: Pin TP2-0
Add Pin To Net: Unknown Pin: Pin TP3-0
Add Pin To Net: Unknown Pin: Pin TP4-0
Add Pin To Net: Unknown Pin: Pin TP5-0
Add Pin To Net: Unknown Pin: Pin TP6-0
Add Pin To Net: Unknown Pin: Pin TP7-0
Add Pin To Net: Unknown Pin: Pin TP8-0
Add Pin To Net: Unknown Pin: Pin TP9-0
Add Pin To Net: Unknown Pin: Pin TP10-0
Add Pin To Net: Unknown Pin: Pin TP11-0
Add Pin To Net: Unknown Pin: Pin TP12-0
Add Pin To Net: Unknown Pin: Pin TP13-0
Add Pin To Net: Unknown Pin: Pin TP14-0
Add Pin To Net: Unknown Pin: Pin TP15-0
Add Pin To Net: Unknown Pin: Pin TP16-0
Add Pin To Net: Unknown Pin: Pin TP17-0
Add Pin To Net: Unknown Pin: Pin TP18-0
Add Pin To Net: Unknown Pin: Pin TP19-0
Add Pin To Net: Unknown Pin: Pin TP20-0
Add Pin To Net: Unknown Pin: Pin TP21-0
Add Pin To Net: Unknown Pin: Pin TP22-0
Add Pin To Net: Unknown Pin: Pin TP23-0
Add Pin To Net: Unknown Pin: Pin TP25-0
Added Pin To Net: NetName=NetJP5_2 Pin=U6-1
Added Pin To Net: NetName=SOM_MRAM_QSPI_IO1 Pin=U6-2
Added Pin To Net: NetName=SOM_MRAM_QSPI_IO2 Pin=U6-3
Added Pin To Net: NetName=GND Pin=U6-4
Added Pin To Net: NetName=SOM_MRAM_QSPI_IO0 Pin=U6-5
Added Pin To Net: NetName=SOM_MRAM_QSPI_CLK Pin=U6-6
Added Pin To Net: NetName=SOM_MRAM_QSPI_IO3 Pin=U6-7
Added Pin To Net: NetName=VDD_3V3 Pin=U6-8
Add Pin To Net: Unknown Pin: Pin U8-1
Add Pin To Net: Unknown Pin: Pin U8-2
Add Pin To Net: Unknown Pin: Pin U8-4
Add Pin To Net: Unknown Pin: Pin U8-5
Add Pin To Net: Unknown Pin: Pin U8-6
Added Member To Class: ClassName=SDCARD_FLASH Member=Component U6 AS3004204-0108X0PSAY
Add Class Member: Failed to add class member : Component U8 IP4220CZ6
