Added Component: Designator=D1(LED_0402)
Added Component: Designator=D3(LED_0402)
Added Component: Designator=D6(LED_0402)
Added Component: Designator=D10(LED_0402)
Added Component: Designator=D11(LED_0402)
Added Component: Designator=D12(LED_0402)
Added Pin To Net: NetName=NetD1_1 Pin=D1-1
Added Pin To Net: NetName=VBUS Pin=D1-2
Added Pin To Net: NetName=GND Pin=D3-1
Added Pin To Net: NetName=NetD3_2 Pin=D3-2
Added Pin To Net: NetName=GND Pin=D6-1
Added Pin To Net: NetName=NetD6_2 Pin=D6-2
Added Pin To Net: NetName=GND Pin=D10-1
Added Pin To Net: NetName=NetD10_2 Pin=D10-2
Added Pin To Net: NetName=GND Pin=D11-1
Added Pin To Net: NetName=NetD11_2 Pin=D11-2
Added Pin To Net: NetName=GND Pin=D12-1
Added Pin To Net: NetName=NetD12_2 Pin=D12-2
Added Member To Class: ClassName=DEBUG_CONSOLE Member=Component D1 LTST-C281TBKT
Added Member To Class: ClassName=BUTTON_LED Member=Component D3 LTST-C281TBKT
Added Member To Class: ClassName=POWER Member=Component D6 LTST-C281KRKT
Added Member To Class: ClassName=POWER Member=Component D10 LTST-C281KSKT
Added Member To Class: ClassName=POWER Member=Component D11 LTST-C281KGKT
Added Member To Class: ClassName=POWER Member=Component D12 LTST-C281KGKT
