Removed Pin From Net: NetName=VDD_3V3 Pin=TP1-1
Removed Pin From Net: NetName=VDD_1V35 Pin=TP2-1
Removed Pin From Net: NetName=VDDCORE Pin=TP3-1
Removed Pin From Net: NetName=VDD_1V15_OUT3 Pin=TP4-1
Removed Pin From Net: NetName=VDDCPU Pin=TP5-1
Removed Pin From Net: NetName=VDD_1V15_OUT4 Pin=TP6-1
Removed Pin From Net: NetName=VLDO1 Pin=TP7-1
Removed Pin From Net: NetName=VLDO2 Pin=TP8-1
Removed Pin From Net: NetName=VDD_3V3_MPU Pin=TP9-1
Removed Pin From Net: NetName=VDDIODDR Pin=TP10-1
Removed Pin From Net: NetName=XIN Pin=TP11-1
Removed Pin From Net: NetName=DDR_D0 Pin=TP12-1
Removed Pin From Net: NetName=DDR_D8 Pin=TP13-1
Removed Pin From Net: NetName=DDR_CK_P Pin=TP14-1
Removed Pin From Net: NetName=DDR_CK_N Pin=TP15-1
Removed Pin From Net: NetName=DDR_DQS0_P Pin=TP16-1
Removed Pin From Net: NetName=DDR_DQS0_N Pin=TP17-1
Removed Pin From Net: NetName=DDR_DQS1_P Pin=TP18-1
Removed Pin From Net: NetName=DDR_DQS1_N Pin=TP19-1
Removed Pin From Net: NetName=GND Pin=TP20-1
Removed Pin From Net: NetName=GND Pin=TP21-1
Removed Pin From Net: NetName=GND Pin=TP22-1
Removed Pin From Net: NetName=GND Pin=TP23-1
Removed Pin From Net: NetName=5V Pin=TP24-1
Removed Pin From Net: NetName=SYS_PLL_INPUT Pin=TP25-1
Add Pin To Net: Unknown Pin: Pin TP1-0
Add Pin To Net: Unknown Pin: Pin TP2-0
Add Pin To Net: Unknown Pin: Pin TP3-0
Add Pin To Net: Unknown Pin: Pin TP4-0
Add Pin To Net: Unknown Pin: Pin TP5-0
Add Pin To Net: Unknown Pin: Pin TP6-0
Add Pin To Net: Unknown Pin: Pin TP7-0
Add Pin To Net: Unknown Pin: Pin TP8-0
Add Pin To Net: Unknown Pin: Pin TP9-0
Add Pin To Net: Unknown Pin: Pin TP10-0
Add Pin To Net: Unknown Pin: Pin TP11-0
Add Pin To Net: Unknown Pin: Pin TP12-0
Add Pin To Net: Unknown Pin: Pin TP13-0
Add Pin To Net: Unknown Pin: Pin TP14-0
Add Pin To Net: Unknown Pin: Pin TP15-0
Add Pin To Net: Unknown Pin: Pin TP16-0
Add Pin To Net: Unknown Pin: Pin TP17-0
Add Pin To Net: Unknown Pin: Pin TP18-0
Add Pin To Net: Unknown Pin: Pin TP19-0
Add Pin To Net: Unknown Pin: Pin TP20-0
Add Pin To Net: Unknown Pin: Pin TP21-0
Add Pin To Net: Unknown Pin: Pin TP22-0
Add Pin To Net: Unknown Pin: Pin TP23-0
Add Pin To Net: Unknown Pin: Pin TP24-0
Add Pin To Net: Unknown Pin: Pin TP25-0
