Added Component: Designator=TP20(TP_1mm_SMD)
Add component (AddParameter): Name = "Category"; Value = ""; VariantName = "[No Variations]"
Add component (AddParameter): Name = "CompanyID"; Value = ""; VariantName = "[No Variations]"
Add component (AddParameter): Name = "MFR"; Value = ""; VariantName = "[No Variations]"
Add component (AddParameter): Name = "MFR_URL"; Value = ""; VariantName = "[No Variations]"
Add component (AddParameter): Name = "MPN"; Value = ""; VariantName = "[No Variations]"
Add component (AddParameter): Name = "PinCount"; Value = ""; VariantName = "[No Variations]"
Add component (AddParameter): Name = "Solder"; Value = "NF"; VariantName = "[No Variations]"
Add component (AddParameter): Name = "Value"; Value = ""; VariantName = "[No Variations]"
Added Component: Designator=TP21(TP_1mm_SMD)
Add component (AddParameter): Name = "Category"; Value = ""; VariantName = "[No Variations]"
Add component (AddParameter): Name = "CompanyID"; Value = ""; VariantName = "[No Variations]"
Add component (AddParameter): Name = "MFR"; Value = ""; VariantName = "[No Variations]"
Add component (AddParameter): Name = "MFR_URL"; Value = ""; VariantName = "[No Variations]"
Add component (AddParameter): Name = "MPN"; Value = ""; VariantName = "[No Variations]"
Add component (AddParameter): Name = "PinCount"; Value = ""; VariantName = "[No Variations]"
Add component (AddParameter): Name = "Solder"; Value = "NF"; VariantName = "[No Variations]"
Add component (AddParameter): Name = "Value"; Value = ""; VariantName = "[No Variations]"
Added Component: Designator=TP22(TP_1mm_SMD)
Add component (AddParameter): Name = "Category"; Value = ""; VariantName = "[No Variations]"
Add component (AddParameter): Name = "CompanyID"; Value = ""; VariantName = "[No Variations]"
Add component (AddParameter): Name = "MFR"; Value = ""; VariantName = "[No Variations]"
Add component (AddParameter): Name = "MFR_URL"; Value = ""; VariantName = "[No Variations]"
Add component (AddParameter): Name = "MPN"; Value = ""; VariantName = "[No Variations]"
Add component (AddParameter): Name = "PinCount"; Value = ""; VariantName = "[No Variations]"
Add component (AddParameter): Name = "Solder"; Value = "NF"; VariantName = "[No Variations]"
Add component (AddParameter): Name = "Value"; Value = ""; VariantName = "[No Variations]"
Added Component: Designator=TP23(TP_1mm_SMD)
Add component (AddParameter): Name = "Category"; Value = ""; VariantName = "[No Variations]"
Add component (AddParameter): Name = "CompanyID"; Value = ""; VariantName = "[No Variations]"
Add component (AddParameter): Name = "MFR"; Value = ""; VariantName = "[No Variations]"
Add component (AddParameter): Name = "MFR_URL"; Value = ""; VariantName = "[No Variations]"
Add component (AddParameter): Name = "MPN"; Value = ""; VariantName = "[No Variations]"
Add component (AddParameter): Name = "PinCount"; Value = ""; VariantName = "[No Variations]"
Add component (AddParameter): Name = "Solder"; Value = "NF"; VariantName = "[No Variations]"
Add component (AddParameter): Name = "Value"; Value = ""; VariantName = "[No Variations]"
Add Pin To Net: Unknown Pin: Pin TP1-0
Add Pin To Net: Unknown Pin: Pin TP2-0
Add Pin To Net: Unknown Pin: Pin TP3-0
Add Pin To Net: Unknown Pin: Pin TP4-0
Add Pin To Net: Unknown Pin: Pin TP5-0
Add Pin To Net: Unknown Pin: Pin TP6-0
Add Pin To Net: Unknown Pin: Pin TP7-0
Add Pin To Net: Unknown Pin: Pin TP8-0
Add Pin To Net: Unknown Pin: Pin TP9-0
Add Pin To Net: Unknown Pin: Pin TP10-0
Add Pin To Net: Unknown Pin: Pin TP11-0
Add Pin To Net: Unknown Pin: Pin TP12-0
Add Pin To Net: Unknown Pin: Pin TP13-0
Add Pin To Net: Unknown Pin: Pin TP14-0
Add Pin To Net: Unknown Pin: Pin TP15-0
Add Pin To Net: Unknown Pin: Pin TP16-0
Add Pin To Net: Unknown Pin: Pin TP17-0
Add Pin To Net: Unknown Pin: Pin TP18-0
Add Pin To Net: Unknown Pin: Pin TP19-0
Add Pin To Net: Unknown Pin: Pin TP20-0
Add Pin To Net: Unknown Pin: Pin TP21-0
Add Pin To Net: Unknown Pin: Pin TP22-0
Add Pin To Net: Unknown Pin: Pin TP23-0
Add Pin To Net: Unknown Pin: Pin TP25-0
Added Member To Class: ClassName=SAMA7G54_DDR3L Member=Component TP20
Added Member To Class: ClassName=SAMA7G54_DDR3L Member=Component TP21
Added Member To Class: ClassName=SAMA7G54_DDR3L Member=Component TP22
Added Member To Class: ClassName=SAMA7G54_DDR3L Member=Component TP23
