Added Component: Designator=U35()
Add Pin To Net: Unknown Pin: Pin U35-A1
Add Pin To Net: Unknown Pin: Pin U35-A2
Add Pin To Net: Unknown Pin: Pin U35-A3
Add Pin To Net: Unknown Pin: Pin U35-A4
Add Pin To Net: Unknown Pin: Pin U35-A7
Add Pin To Net: Unknown Pin: Pin U35-A10
Add Pin To Net: Unknown Pin: Pin U35-B1
Add Pin To Net: Unknown Pin: Pin U35-B2
Add Pin To Net: Unknown Pin: Pin U35-B3
Add Pin To Net: Unknown Pin: Pin U35-B4
Add Pin To Net: Unknown Pin: Pin U35-B6
Add Pin To Net: Unknown Pin: Pin U35-B10
Add Pin To Net: Unknown Pin: Pin U35-C1
Add Pin To Net: Unknown Pin: Pin U35-C2
Add Pin To Net: Unknown Pin: Pin U35-C3
Add Pin To Net: Unknown Pin: Pin U35-C4
Add Pin To Net: Unknown Pin: Pin U35-C5
Add Pin To Net: Unknown Pin: Pin U35-C6
Add Pin To Net: Unknown Pin: Pin U35-C7
Add Pin To Net: Unknown Pin: Pin U35-C9
Add Pin To Net: Unknown Pin: Pin U35-C10
Add Pin To Net: Unknown Pin: Pin U35-C11
Add Pin To Net: Unknown Pin: Pin U35-D1
Add Pin To Net: Unknown Pin: Pin U35-D2
Add Pin To Net: Unknown Pin: Pin U35-D3
Add Pin To Net: Unknown Pin: Pin U35-D4
Add Pin To Net: Unknown Pin: Pin U35-D5
Add Pin To Net: Unknown Pin: Pin U35-D6
Add Pin To Net: Unknown Pin: Pin U35-D7
Add Pin To Net: Unknown Pin: Pin U35-D8
Add Pin To Net: Unknown Pin: Pin U35-D9
Add Pin To Net: Unknown Pin: Pin U35-D10
Add Pin To Net: Unknown Pin: Pin U35-D11
Add Pin To Net: Unknown Pin: Pin U35-E1
Add Pin To Net: Unknown Pin: Pin U35-E2
Add Pin To Net: Unknown Pin: Pin U35-E3
Add Pin To Net: Unknown Pin: Pin U35-E4
Add Pin To Net: Unknown Pin: Pin U35-E5
Add Pin To Net: Unknown Pin: Pin U35-E6
Add Pin To Net: Unknown Pin: Pin U35-E7
Add Pin To Net: Unknown Pin: Pin U35-E8
Add Pin To Net: Unknown Pin: Pin U35-E9
Add Pin To Net: Unknown Pin: Pin U35-F1
Add Pin To Net: Unknown Pin: Pin U35-F2
Add Pin To Net: Unknown Pin: Pin U35-F3
Add Pin To Net: Unknown Pin: Pin U35-F4
Add Pin To Net: Unknown Pin: Pin U35-F5
Add Pin To Net: Unknown Pin: Pin U35-F6
Add Pin To Net: Unknown Pin: Pin U35-F7
Add Pin To Net: Unknown Pin: Pin U35-F8
Add Pin To Net: Unknown Pin: Pin U35-F9
Add Pin To Net: Unknown Pin: Pin U35-G1
Add Pin To Net: Unknown Pin: Pin U35-G2
Add Pin To Net: Unknown Pin: Pin U35-G5
Add Pin To Net: Unknown Pin: Pin U35-G6
Add Pin To Net: Unknown Pin: Pin U35-G8
Add Pin To Net: Unknown Pin: Pin U35-G9
Add Pin To Net: Unknown Pin: Pin U35-G10
Add Pin To Net: Unknown Pin: Pin U35-G11
Add Pin To Net: Unknown Pin: Pin U35-H1
Add Pin To Net: Unknown Pin: Pin U35-H2
Add Pin To Net: Unknown Pin: Pin U35-H3
Add Pin To Net: Unknown Pin: Pin U35-H4
Add Pin To Net: Unknown Pin: Pin U35-H5
Add Pin To Net: Unknown Pin: Pin U35-H6
Add Pin To Net: Unknown Pin: Pin U35-H8
Add Pin To Net: Unknown Pin: Pin U35-H9
Add Pin To Net: Unknown Pin: Pin U35-H10
Add Pin To Net: Unknown Pin: Pin U35-H11
Add Pin To Net: Unknown Pin: Pin U35-J1
Add Pin To Net: Unknown Pin: Pin U35-J2
Add Pin To Net: Unknown Pin: Pin U35-J3
Add Pin To Net: Unknown Pin: Pin U35-J4
Add Pin To Net: Unknown Pin: Pin U35-J6
Add Pin To Net: Unknown Pin: Pin U35-J7
Add Pin To Net: Unknown Pin: Pin U35-J8
Add Pin To Net: Unknown Pin: Pin U35-J9
Add Pin To Net: Unknown Pin: Pin U35-J10
Add Pin To Net: Unknown Pin: Pin U35-J11
Add Pin To Net: Unknown Pin: Pin U35-K1
Add Pin To Net: Unknown Pin: Pin U35-K2
Add Pin To Net: Unknown Pin: Pin U35-K3
Add Pin To Net: Unknown Pin: Pin U35-K7
Add Pin To Net: Unknown Pin: Pin U35-K10
Add Pin To Net: Unknown Pin: Pin U35-K11
Add Pin To Net: Unknown Pin: Pin U35-L7
Add Class Member: Failed to add class member : Component U35 LFD2NX-17-7MG121I
