Added Component: Designator=U35(csfBGA121_LAT)
Add component (AddParameter): Name = "Copyright"; Value = "Copyright (C) 2025 Ultra Librarian. All rights reserved."; VariantName = "[No Variations]"
Add component (AddParameter): Name = "Manufacturer_Name"; Value = "Lattice"; VariantName = "[No Variations]"
Add component (AddParameter): Name = "Manufacturer_Part_Number"; Value = "LFD2NX-17-7MG121I"; VariantName = "[No Variations]"
Add component (AddParameter): Name = "RefDes"; Value = "RefDes"; VariantName = "[No Variations]"
Add component (AddParameter): Name = "Type"; Value = "Embedded"; VariantName = "[No Variations]"
Added Pin To Net: NetName=JTAG_EN Pin=U35-A1
Added Pin To Net: NetName=JTAG_TDO Pin=U35-A2
Added Pin To Net: NetName=JTAG_TDI Pin=U35-A3
Added Pin To Net: NetName=GND Pin=U35-A4
Added Pin To Net: NetName=GND Pin=U35-A7
Added Pin To Net: NetName=GND Pin=U35-A10
Added Pin To Net: NetName=JTAG_TMS Pin=U35-B1
Added Pin To Net: NetName=FPGA_SPI_RX_MOSI Pin=U35-B2
Added Pin To Net: NetName=OSC_LVDS_ENABLE Pin=U35-B3
Added Pin To Net: NetName=FPGA_DOWNLOAD_INITN Pin=U35-B4
Added Pin To Net: NetName=GND Pin=U35-B6
Added Pin To Net: NetName=GND Pin=U35-B10
Added Pin To Net: NetName=JTAG_TCK Pin=U35-C1
Added Pin To Net: NetName=FPGA_SPI_RX_CLK Pin=U35-C2
Added Pin To Net: NetName=FPGA_UART_TX Pin=U35-C3
Added Pin To Net: NetName=FPGA_DOWNLOAD_PROGRAMN Pin=U35-C4
Added Pin To Net: NetName=FLASH_SPI_MD2 Pin=U35-C5
Added Pin To Net: NetName=1V8_VCCAUX Pin=U35-C6
Added Pin To Net: NetName=GND Pin=U35-C7
Added Pin To Net: NetName=FLASH_SPI_MD3 Pin=U35-C9
Added Pin To Net: NetName=1V_VCORE Pin=U35-C10
Added Pin To Net: NetName=GND Pin=U35-C11
Added Pin To Net: NetName=FPGA_SPI_RX_MISO Pin=U35-D1
Added Pin To Net: NetName=3V3_VCCIO0/1 Pin=U35-D2
Added Pin To Net: NetName=GND Pin=U35-D3
Added Pin To Net: NetName=3V3_VCCIO0/1 Pin=U35-D4
Added Pin To Net: NetName=FPGA_FLASH_SPI_MISO/MD1 Pin=U35-D5
Added Pin To Net: NetName=FPGA_FLASH_SPI_MOSI/MD0 Pin=U35-D6
Added Pin To Net: NetName=FPGA_FLASH_SPI_MCSN Pin=U35-D7
Added Pin To Net: NetName=FPGA_UART_RX Pin=U35-D8
Added Pin To Net: NetName=1V8_VCCAUX Pin=U35-D9
Added Pin To Net: NetName=FPGA_DOWNLOAD_DONE Pin=U35-D10
Added Pin To Net: NetName=FPGA_FLASH_SPI_MCLK Pin=U35-D11
Added Pin To Net: NetName=FPGA_SPI_TX_CLK Pin=U35-E1
Added Pin To Net: NetName=FPGA_SPI_TX_MOSI Pin=U35-E2
Added Pin To Net: NetName=SYS_PLL_INPUT Pin=U35-E3
Added Pin To Net: NetName=1V_VCORE Pin=U35-E4
Added Pin To Net: NetName=NetR338_2 Pin=U35-E5
Added Pin To Net: NetName=NetR337_2 Pin=U35-E6
Added Pin To Net: NetName=NetR336_2 Pin=U35-E7
Added Pin To Net: NetName=1V8_VCCIO3/4/5 Pin=U35-E8
Added Pin To Net: NetName=GND Pin=U35-E9
Added Pin To Net: NetName=FPGA_SPI_TX_MISO Pin=U35-F1
Added Pin To Net: NetName=GND Pin=U35-F2
Added Pin To Net: NetName=1V8_VCCAUX Pin=U35-F3
Added Pin To Net: NetName=GND Pin=U35-F4
Added Pin To Net: NetName=NetR334_2 Pin=U35-F5
Added Pin To Net: NetName=NetR333_2 Pin=U35-F6
Added Pin To Net: NetName=NetR332_2 Pin=U35-F7
Added Pin To Net: NetName=NetR331_2 Pin=U35-F8
Added Pin To Net: NetName=NetR330_2 Pin=U35-F9
Added Pin To Net: NetName=GND Pin=U35-G1
Added Pin To Net: NetName=GND Pin=U35-G2
Added Pin To Net: NetName=NetR328_2 Pin=U35-G5
Added Pin To Net: NetName=1V_VCORE Pin=U35-G6
Added Pin To Net: NetName=FPGA_USER_BUTTON Pin=U35-G8
Added Pin To Net: NetName=FPGA_nRST_BUTTON Pin=U35-G9
Added Pin To Net: NetName=OSC_LVDS_P Pin=U35-G10
Added Pin To Net: NetName=OSC_LVDS_N Pin=U35-G11
Added Pin To Net: NetName=GND Pin=U35-H1
Added Pin To Net: NetName=GND Pin=U35-H2
Added Pin To Net: NetName=1V8_VCCAUX Pin=U35-H3
Added Pin To Net: NetName=NetR345_1 Pin=U35-H4
Added Pin To Net: NetName=NetR346_1 Pin=U35-H5
Added Pin To Net: NetName=GND Pin=U35-H6
Added Pin To Net: NetName=1V8_VCCAUX Pin=U35-H8
Added Pin To Net: NetName=GND Pin=U35-H9
Added Pin To Net: NetName=FPGA_SPI_RX_AVAIL Pin=U35-H10
Added Pin To Net: NetName=FPGA_SPI_TX_READY Pin=U35-H11
Added Pin To Net: NetName=NetR347_1 Pin=U35-J1
Added Pin To Net: NetName=NetR348_1 Pin=U35-J2
Added Pin To Net: NetName=GND Pin=U35-J3
Added Pin To Net: NetName=NetR349_1 Pin=U35-J4
Added Pin To Net: NetName=1V8_VCCIO3/4/5 Pin=U35-J6
Added Pin To Net: NetName=FPGA_SPI_RX_CSN Pin=U35-J7
Added Pin To Net: NetName=FPGA_SPI_TX_CSN Pin=U35-J8
Added Pin To Net: NetName=1V8_VCCIO3/4/5 Pin=U35-J9
Added Pin To Net: NetName=FPGA_SPARE_IN1 Pin=U35-J10
Added Pin To Net: NetName=FPGA_SPARE_IN2 Pin=U35-J11
Added Pin To Net: NetName=GND Pin=U35-K1
Added Pin To Net: NetName=GND Pin=U35-K2
Added Pin To Net: NetName=1V8_VCCIO3/4/5 Pin=U35-K3
Added Pin To Net: NetName=NetR352_1 Pin=U35-K7
Added Pin To Net: NetName=FPGA_INT_ERROR Pin=U35-K10
Added Pin To Net: NetName=FPGA_HEATBEAT Pin=U35-K11
Added Pin To Net: NetName=NetR351_2 Pin=U35-L7
Added Member To Class: ClassName=FPGA_PART1 Member=Component U35 LFD2NX-17-7MG121I
