Removed Pin From Net: NetName=5V Pin=TP24-0
Change Component Footprint: Designator=TP1 Old Footprint=Testpoint_50 New Footprint=Test point
Change Component Footprint: Designator=TP2 Old Footprint=Testpoint_50 New Footprint=Test point
Change Component Footprint: Designator=TP3 Old Footprint=Testpoint_50 New Footprint=Test point
Change Component Footprint: Designator=TP4 Old Footprint=Testpoint_50 New Footprint=Test point
Change Component Footprint: Designator=TP5 Old Footprint=Testpoint_50 New Footprint=Test point
Change Component Footprint: Designator=TP6 Old Footprint=Testpoint_50 New Footprint=Test point
Change Component Footprint: Designator=TP7 Old Footprint=Testpoint_50 New Footprint=Test point
Change Component Footprint: Designator=TP8 Old Footprint=Testpoint_50 New Footprint=Test point
Change Component Footprint: Designator=TP9 Old Footprint=Testpoint_50 New Footprint=Test point
Change Component Footprint: Designator=TP10 Old Footprint=Testpoint_50 New Footprint=Test point
Change Component Footprint: Designator=TP11 Old Footprint=TP_1mm_SMD New Footprint=Test point
Change Component Footprint: Designator=TP12 Old Footprint=TP_1mm_SMD New Footprint=Test point
Change Component Footprint: Designator=TP13 Old Footprint=TP_1mm_SMD New Footprint=Test point
Change Component Footprint: Designator=TP14 Old Footprint=TP_1mm_SMD New Footprint=Test point
Change Component Footprint: Designator=TP15 Old Footprint=TP_1mm_SMD New Footprint=Test point
Change Component Footprint: Designator=TP16 Old Footprint=TP_1mm_SMD New Footprint=Test point
Change Component Footprint: Designator=TP17 Old Footprint=TP_1mm_SMD New Footprint=Test point
Change Component Footprint: Designator=TP18 Old Footprint=TP_1mm_SMD New Footprint=Test point
Change Component Footprint: Designator=TP19 Old Footprint=TP_1mm_SMD New Footprint=Test point
Change Component Footprint: Designator=TP20 Old Footprint=TP_1mm_SMD New Footprint=Test point
Change Component Footprint: Designator=TP21 Old Footprint=TP_1mm_SMD New Footprint=Test point
Change Component Footprint: Designator=TP22 Old Footprint=TP_1mm_SMD New Footprint=Test point
Change Component Footprint: Designator=TP23 Old Footprint=TP_1mm_SMD New Footprint=Test point
Change Component Footprint: Designator=TP25 Old Footprint=TP_1mm_SMD New Footprint=Test point
Change Component Library : Designator=TP1 Old Library=LABLIB.SchLib New Library=IFBschelib.SchLib
Change Component Library : Designator=TP2 Old Library=LABLIB.SchLib New Library=IFBschelib.SchLib
Change Component Library : Designator=TP3 Old Library=LABLIB.SchLib New Library=IFBschelib.SchLib
Change Component Library : Designator=TP4 Old Library=LABLIB.SchLib New Library=IFBschelib.SchLib
Change Component Library : Designator=TP5 Old Library=LABLIB.SchLib New Library=IFBschelib.SchLib
Change Component Library : Designator=TP6 Old Library=LABLIB.SchLib New Library=IFBschelib.SchLib
Change Component Library : Designator=TP7 Old Library=LABLIB.SchLib New Library=IFBschelib.SchLib
Change Component Library : Designator=TP8 Old Library=LABLIB.SchLib New Library=IFBschelib.SchLib
Change Component Library : Designator=TP9 Old Library=LABLIB.SchLib New Library=IFBschelib.SchLib
Change Component Library : Designator=TP10 Old Library=LABLIB.SchLib New Library=IFBschelib.SchLib
Change Component Library : Designator=TP11 Old Library=LABLIB.SchLib New Library=IFBschelib.SchLib
Change Component Library : Designator=TP12 Old Library=LABLIB.SchLib New Library=IFBschelib.SchLib
Change Component Library : Designator=TP13 Old Library=LABLIB.SchLib New Library=IFBschelib.SchLib
Change Component Library : Designator=TP14 Old Library=LABLIB.SchLib New Library=IFBschelib.SchLib
Change Component Library : Designator=TP15 Old Library=LABLIB.SchLib New Library=IFBschelib.SchLib
Change Component Library : Designator=TP16 Old Library=LABLIB.SchLib New Library=IFBschelib.SchLib
Change Component Library : Designator=TP17 Old Library=LABLIB.SchLib New Library=IFBschelib.SchLib
Change Component Library : Designator=TP18 Old Library=LABLIB.SchLib New Library=IFBschelib.SchLib
Change Component Library : Designator=TP19 Old Library=LABLIB.SchLib New Library=IFBschelib.SchLib
Change Component Library : Designator=TP20 Old Library=LABLIB.SchLib New Library=IFBschelib.SchLib
Change Component Library : Designator=TP21 Old Library=LABLIB.SchLib New Library=IFBschelib.SchLib
Change Component Library : Designator=TP22 Old Library=LABLIB.SchLib New Library=IFBschelib.SchLib
Change Component Library : Designator=TP23 Old Library=LABLIB.SchLib New Library=IFBschelib.SchLib
Change Component Library : Designator=TP25 Old Library=LABLIB.SchLib New Library=IFBschelib.SchLib
Add Pin To Net: Unknown Pin: Pin TP1-1
Add Pin To Net: Unknown Pin: Pin TP2-1
Add Pin To Net: Unknown Pin: Pin TP3-1
Add Pin To Net: Unknown Pin: Pin TP4-1
Add Pin To Net: Unknown Pin: Pin TP5-1
Add Pin To Net: Unknown Pin: Pin TP6-1
Add Pin To Net: Unknown Pin: Pin TP7-1
Add Pin To Net: Unknown Pin: Pin TP8-1
Add Pin To Net: Unknown Pin: Pin TP9-1
Add Pin To Net: Unknown Pin: Pin TP10-1
Add Pin To Net: Unknown Pin: Pin TP11-1
Add Pin To Net: Unknown Pin: Pin TP12-1
Add Pin To Net: Unknown Pin: Pin TP13-1
Add Pin To Net: Unknown Pin: Pin TP14-1
Add Pin To Net: Unknown Pin: Pin TP15-1
Add Pin To Net: Unknown Pin: Pin TP16-1
Add Pin To Net: Unknown Pin: Pin TP17-1
Add Pin To Net: Unknown Pin: Pin TP18-1
Add Pin To Net: Unknown Pin: Pin TP19-1
Add Pin To Net: Unknown Pin: Pin TP20-1
Add Pin To Net: Unknown Pin: Pin TP21-1
Add Pin To Net: Unknown Pin: Pin TP22-1
Add Pin To Net: Unknown Pin: Pin TP23-1
Add Pin To Net: Unknown Pin: Pin TP24-1
Add Pin To Net: Unknown Pin: Pin TP25-1
