Added Component: Designator=U7(SOIC127P790X216-8N)
Add component (AddParameter): Name = "CLABCONF0"; Value = "#NAME?"; VariantName = "[No Variations]"
Add component (AddParameter): Name = "P/N"; Value = "132D42200S"; VariantName = "[No Variations]"
Add component (AddParameter): Name = "PCB Footprint"; Value = "SOT23-6L"; VariantName = "[No Variations]"
Added Component: Designator=U8(SOIC127P790X216-8N)
Add component (AddParameter): Name = "CLABCONF0"; Value = "#NAME?"; VariantName = "[No Variations]"
Add component (AddParameter): Name = "P/N"; Value = "132D42200S"; VariantName = "[No Variations]"
Add component (AddParameter): Name = "PCB Footprint"; Value = "SOT23-6L"; VariantName = "[No Variations]"
Add Pin To Net: Unknown Pin: Pin TP1-0
Add Pin To Net: Unknown Pin: Pin TP2-0
Add Pin To Net: Unknown Pin: Pin TP3-0
Add Pin To Net: Unknown Pin: Pin TP4-0
Add Pin To Net: Unknown Pin: Pin TP5-0
Add Pin To Net: Unknown Pin: Pin TP6-0
Add Pin To Net: Unknown Pin: Pin TP7-0
Add Pin To Net: Unknown Pin: Pin TP8-0
Add Pin To Net: Unknown Pin: Pin TP9-0
Add Pin To Net: Unknown Pin: Pin TP10-0
Add Pin To Net: Unknown Pin: Pin TP11-0
Add Pin To Net: Unknown Pin: Pin TP12-0
Add Pin To Net: Unknown Pin: Pin TP13-0
Add Pin To Net: Unknown Pin: Pin TP14-0
Add Pin To Net: Unknown Pin: Pin TP15-0
Add Pin To Net: Unknown Pin: Pin TP16-0
Add Pin To Net: Unknown Pin: Pin TP17-0
Add Pin To Net: Unknown Pin: Pin TP18-0
Add Pin To Net: Unknown Pin: Pin TP19-0
Add Pin To Net: Unknown Pin: Pin TP20-0
Add Pin To Net: Unknown Pin: Pin TP21-0
Add Pin To Net: Unknown Pin: Pin TP22-0
Add Pin To Net: Unknown Pin: Pin TP23-0
Add Pin To Net: Unknown Pin: Pin TP25-0
Added Pin To Net: NetName=GND Pin=U7-2
Added Pin To Net: NetName=SD2_CLK Pin=U7-3
Added Pin To Net: NetName=SD2_DATA0 Pin=U7-4
Added Pin To Net: NetName=3V3_eMMC Pin=U7-5
Added Pin To Net: NetName=SD2_DATA1 Pin=U7-6
Added Pin To Net: NetName=SD2_CMD Pin=U8-1
Added Pin To Net: NetName=GND Pin=U8-2
Added Pin To Net: NetName=SD2_DATA2 Pin=U8-4
Added Pin To Net: NetName=3V3_eMMC Pin=U8-5
Added Pin To Net: NetName=SD2_DATA3 Pin=U8-6
Added Member To Class: ClassName=SDCARD_FLASH Member=Component U7 IP4220CZ6
Added Member To Class: ClassName=SDCARD_FLASH Member=Component U8 IP4220CZ6
