Change Component Designator: Old Designator=C? New Designator=C230
Change Component Designator: Old Designator=C? New Designator=C231
Change Component Designator: Old Designator=C? New Designator=C232
Change Component Designator: Old Designator=C? New Designator=C233
Change Component Designator: Old Designator=C? New Designator=C234
Change Component Designator: Old Designator=D? New Designator=D21
Change Component Designator: Old Designator=FB? New Designator=FB2
Change Component Designator: Old Designator=J? New Designator=J21
Change Component Designator: Old Designator=JP? New Designator=JP7
Change Component Designator: Old Designator=JP? New Designator=JP8
Change Component Designator: Old Designator=R? New Designator=R341
Change Component Designator: Old Designator=R? New Designator=R342
Change Component Designator: Old Designator=R? New Designator=R343
Change Component Designator: Old Designator=R? New Designator=R344
Change Component Designator: Old Designator=R? New Designator=R345
Change Component Designator: Old Designator=R? New Designator=R346
Change Component Designator: Old Designator=R? New Designator=R347
Change Component Designator: Old Designator=R? New Designator=R348
Change Component Designator: Old Designator=R? New Designator=R349
Change Component Designator: Old Designator=R? New Designator=R350
Change Component Designator: Old Designator=R? New Designator=R351
Change Component Designator: Old Designator=R? New Designator=R352
Change Component Designator: Old Designator=R? New Designator=R353
Change Component Designator: Old Designator=R? New Designator=R354
Change Component Designator: Old Designator=R? New Designator=R355
Change Component Designator: Old Designator=R? New Designator=R356
Change Component Designator: Old Designator=R? New Designator=R357
Change Component Designator: Old Designator=R? New Designator=R358
Change Component Designator: Old Designator=R? New Designator=R359
Change Component Designator: Old Designator=U? New Designator=U36
Change Component Designator: Old Designator=U? New Designator=U37
Change Component Designator: Old Designator=U? New Designator=U35
