Change Component Designator: Old Designator=C? New Designator=C228
Change Component Designator: Old Designator=C? New Designator=C229
Change Component Designator: Old Designator=J? New Designator=J20
Change Component Designator: Old Designator=R? New Designator=R323
Change Component Designator: Old Designator=R? New Designator=R324
Change Component Designator: Old Designator=R? New Designator=R325
Change Component Designator: Old Designator=R? New Designator=R326
Change Component Designator: Old Designator=R? New Designator=R327
Change Component Designator: Old Designator=R? New Designator=R328
Change Component Designator: Old Designator=R? New Designator=R329
Change Component Designator: Old Designator=R? New Designator=R330
Change Component Designator: Old Designator=R? New Designator=R331
Change Component Designator: Old Designator=R? New Designator=R332
Change Component Designator: Old Designator=R? New Designator=R333
Change Component Designator: Old Designator=R? New Designator=R334
Change Component Designator: Old Designator=R? New Designator=R335
Change Component Designator: Old Designator=R? New Designator=R336
Change Component Designator: Old Designator=R? New Designator=R337
Change Component Designator: Old Designator=R? New Designator=R338
Change Component Designator: Old Designator=R? New Designator=R339
Change Component Designator: Old Designator=R? New Designator=R340
Change Component Designator: Old Designator=SB? New Designator=SB7
Change Component Designator: Old Designator=TP? New Designator=TP25
Change Component Designator: Old Designator=U? New Designator=U35
Change Component Designator: Old Designator=Y? New Designator=Y5
