Change Component Designator: Old Designator=C230 New Designator=C?
Change Component Designator: Old Designator=C231 New Designator=C?
Change Component Designator: Old Designator=C232 New Designator=C?
Change Component Designator: Old Designator=C233 New Designator=C?
Change Component Designator: Old Designator=C234 New Designator=C?
Change Component Designator: Old Designator=D21 New Designator=D?
Change Component Designator: Old Designator=FB2 New Designator=FB?
Change Component Designator: Old Designator=J19 New Designator=J?
Change Component Designator: Old Designator=JP7 New Designator=JP?
Change Component Designator: Old Designator=JP8 New Designator=JP?
Change Component Designator: Old Designator=R341 New Designator=R?
Change Component Designator: Old Designator=R342 New Designator=R?
Change Component Designator: Old Designator=R343 New Designator=R?
Change Component Designator: Old Designator=R344 New Designator=R?
Change Component Designator: Old Designator=R345 New Designator=R?
Change Component Designator: Old Designator=R346 New Designator=R?
Change Component Designator: Old Designator=R347 New Designator=R?
Change Component Designator: Old Designator=R348 New Designator=R?
Change Component Designator: Old Designator=R349 New Designator=R?
Change Component Designator: Old Designator=R350 New Designator=R?
Change Component Designator: Old Designator=R351 New Designator=R?
Change Component Designator: Old Designator=R352 New Designator=R?
Change Component Designator: Old Designator=R353 New Designator=R?
Change Component Designator: Old Designator=R354 New Designator=R?
Change Component Designator: Old Designator=R355 New Designator=R?
Change Component Designator: Old Designator=R356 New Designator=R?
Change Component Designator: Old Designator=R357 New Designator=R?
Change Component Designator: Old Designator=R358 New Designator=R?
Change Component Designator: Old Designator=R359 New Designator=R?
Change Component Designator: Old Designator=U33 New Designator=U?
Change Component Designator: Old Designator=U34 New Designator=U?
Change Component Designator: Old Designator=U35 New Designator=U?
