Change Component Designator: Old Designator=C189 New Designator=C?
Change Component Designator: Old Designator=C190 New Designator=C?
Change Component Designator: Old Designator=C191 New Designator=C?
Change Component Designator: Old Designator=C192 New Designator=C?
Change Component Designator: Old Designator=C193 New Designator=C?
Change Component Designator: Old Designator=C194 New Designator=C?
Change Component Designator: Old Designator=C195 New Designator=C?
Change Component Designator: Old Designator=C196 New Designator=C?
Change Component Designator: Old Designator=C197 New Designator=C?
Change Component Designator: Old Designator=C198 New Designator=C?
Change Component Designator: Old Designator=C199 New Designator=C?
Change Component Designator: Old Designator=C200 New Designator=C?
Change Component Designator: Old Designator=C201 New Designator=C?
Change Component Designator: Old Designator=C202 New Designator=C?
Change Component Designator: Old Designator=C203 New Designator=C?
Change Component Designator: Old Designator=C204 New Designator=C?
Change Component Designator: Old Designator=C205 New Designator=C?
Change Component Designator: Old Designator=C206 New Designator=C?
Change Component Designator: Old Designator=C207 New Designator=C?
Change Component Designator: Old Designator=C208 New Designator=C?
Change Component Designator: Old Designator=C209 New Designator=C?
Change Component Designator: Old Designator=C210 New Designator=C?
Change Component Designator: Old Designator=C211 New Designator=C?
Change Component Designator: Old Designator=C212 New Designator=C?
Change Component Designator: Old Designator=C213 New Designator=C?
Change Component Designator: Old Designator=C214 New Designator=C?
Change Component Designator: Old Designator=C215 New Designator=C?
Change Component Designator: Old Designator=C216 New Designator=C?
Change Component Designator: Old Designator=C217 New Designator=C?
Change Component Designator: Old Designator=C218 New Designator=C?
Change Component Designator: Old Designator=C219 New Designator=C?
Change Component Designator: Old Designator=C220 New Designator=C?
Change Component Designator: Old Designator=C221 New Designator=C?
Change Component Designator: Old Designator=C222 New Designator=C?
Change Component Designator: Old Designator=C223 New Designator=C?
Change Component Designator: Old Designator=C224 New Designator=C?
Change Component Designator: Old Designator=C225 New Designator=C?
Change Component Designator: Old Designator=C226 New Designator=C?
Change Component Designator: Old Designator=C227 New Designator=C?
Change Component Designator: Old Designator=D16 New Designator=D?
Change Component Designator: Old Designator=D17 New Designator=D?
Change Component Designator: Old Designator=D18 New Designator=D?
Change Component Designator: Old Designator=D19 New Designator=D?
Change Component Designator: Old Designator=D20 New Designator=D?
Change Component Designator: Old Designator=DS1 New Designator=DS?
Change Component Designator: Old Designator=FB1 New Designator=FB?
Change Component Designator: Old Designator=Q2 New Designator=Q?
Change Component Designator: Old Designator=Q3 New Designator=Q?
Change Component Designator: Old Designator=Q4 New Designator=Q?
Change Component Designator: Old Designator=R305 New Designator=R?
Change Component Designator: Old Designator=R306 New Designator=R?
Change Component Designator: Old Designator=R307 New Designator=R?
Change Component Designator: Old Designator=R308 New Designator=R?
Change Component Designator: Old Designator=R309 New Designator=R?
Change Component Designator: Old Designator=R310 New Designator=R?
Change Component Designator: Old Designator=R311 New Designator=R?
Change Component Designator: Old Designator=R312 New Designator=R?
Change Component Designator: Old Designator=R313 New Designator=R?
Change Component Designator: Old Designator=R314 New Designator=R?
Change Component Designator: Old Designator=R315 New Designator=R?
Change Component Designator: Old Designator=R316 New Designator=R?
Change Component Designator: Old Designator=R317 New Designator=R?
Change Component Designator: Old Designator=R318 New Designator=R?
Change Component Designator: Old Designator=R319 New Designator=R?
Change Component Designator: Old Designator=R320 New Designator=R?
Change Component Designator: Old Designator=R321 New Designator=R?
Change Component Designator: Old Designator=R322 New Designator=R?
Change Component Designator: Old Designator=SB6 New Designator=SB?
Change Component Designator: Old Designator=U29 New Designator=U?
Change Component Designator: Old Designator=U30 New Designator=U?
Change Component Designator: Old Designator=U31 New Designator=U?
Change Component Designator: Old Designator=U32 New Designator=U?
Change Component Designator: Old Designator=VR3 New Designator=VR?
