Change Component Designator: Old Designator=C? New Designator=C189
Change Component Designator: Old Designator=C? New Designator=C190
Change Component Designator: Old Designator=C? New Designator=C191
Change Component Designator: Old Designator=C? New Designator=C192
Change Component Designator: Old Designator=C? New Designator=C193
Change Component Designator: Old Designator=C? New Designator=C194
Change Component Designator: Old Designator=C? New Designator=C195
Change Component Designator: Old Designator=C? New Designator=C196
Change Component Designator: Old Designator=C? New Designator=C197
Change Component Designator: Old Designator=C? New Designator=C198
Change Component Designator: Old Designator=C? New Designator=C199
Change Component Designator: Old Designator=C? New Designator=C200
Change Component Designator: Old Designator=C? New Designator=C201
Change Component Designator: Old Designator=C? New Designator=C202
Change Component Designator: Old Designator=C? New Designator=C203
Change Component Designator: Old Designator=C? New Designator=C204
Change Component Designator: Old Designator=C? New Designator=C205
Change Component Designator: Old Designator=C? New Designator=C206
Change Component Designator: Old Designator=C? New Designator=C207
Change Component Designator: Old Designator=C? New Designator=C208
Change Component Designator: Old Designator=C? New Designator=C209
Change Component Designator: Old Designator=C? New Designator=C210
Change Component Designator: Old Designator=C? New Designator=C211
Change Component Designator: Old Designator=C? New Designator=C212
Change Component Designator: Old Designator=C? New Designator=C213
Change Component Designator: Old Designator=C? New Designator=C214
Change Component Designator: Old Designator=C? New Designator=C215
Change Component Designator: Old Designator=C? New Designator=C216
Change Component Designator: Old Designator=C? New Designator=C217
Change Component Designator: Old Designator=C? New Designator=C218
Change Component Designator: Old Designator=C? New Designator=C219
Change Component Designator: Old Designator=C? New Designator=C220
Change Component Designator: Old Designator=C? New Designator=C221
Change Component Designator: Old Designator=C? New Designator=C222
Change Component Designator: Old Designator=C? New Designator=C223
Change Component Designator: Old Designator=C? New Designator=C224
Change Component Designator: Old Designator=C? New Designator=C225
Change Component Designator: Old Designator=C? New Designator=C226
Change Component Designator: Old Designator=C? New Designator=C227
Change Component Designator: Old Designator=D? New Designator=D16
Change Component Designator: Old Designator=D? New Designator=D17
Change Component Designator: Old Designator=D? New Designator=D18
Change Component Designator: Old Designator=D? New Designator=D19
Change Component Designator: Old Designator=D? New Designator=D20
Change Component Designator: Old Designator=DS? New Designator=DS1
Change Component Designator: Old Designator=FB? New Designator=FB1
Change Component Designator: Old Designator=Q? New Designator=Q2
Change Component Designator: Old Designator=Q? New Designator=Q3
Change Component Designator: Old Designator=Q? New Designator=Q4
Change Component Designator: Old Designator=R? New Designator=R305
Change Component Designator: Old Designator=R? New Designator=R306
Change Component Designator: Old Designator=R? New Designator=R307
Change Component Designator: Old Designator=R? New Designator=R308
Change Component Designator: Old Designator=R? New Designator=R309
Change Component Designator: Old Designator=R? New Designator=R310
Change Component Designator: Old Designator=R? New Designator=R311
Change Component Designator: Old Designator=R? New Designator=R312
Change Component Designator: Old Designator=R? New Designator=R313
Change Component Designator: Old Designator=R? New Designator=R314
Change Component Designator: Old Designator=R? New Designator=R315
Change Component Designator: Old Designator=R? New Designator=R316
Change Component Designator: Old Designator=R? New Designator=R317
Change Component Designator: Old Designator=R? New Designator=R318
Change Component Designator: Old Designator=R? New Designator=R319
Change Component Designator: Old Designator=R? New Designator=R320
Change Component Designator: Old Designator=R? New Designator=R321
Change Component Designator: Old Designator=R? New Designator=R322
Change Component Designator: Old Designator=SB? New Designator=SB6
Change Component Designator: Old Designator=U? New Designator=U30
Change Component Designator: Old Designator=U? New Designator=U31
Change Component Designator: Old Designator=U? New Designator=U32
Change Component Designator: Old Designator=U? New Designator=U33
Change Component Designator: Old Designator=U? New Designator=U34
