Change Component Designator: Old Designator=C228 New Designator=C?
Change Component Designator: Old Designator=C229 New Designator=C?
Change Component Designator: Old Designator=J18 New Designator=J?
Change Component Designator: Old Designator=R323 New Designator=R?
Change Component Designator: Old Designator=R324 New Designator=R?
Change Component Designator: Old Designator=R325 New Designator=R?
Change Component Designator: Old Designator=R326 New Designator=R?
Change Component Designator: Old Designator=R327 New Designator=R?
Change Component Designator: Old Designator=R328 New Designator=R?
Change Component Designator: Old Designator=R329 New Designator=R?
Change Component Designator: Old Designator=R330 New Designator=R?
Change Component Designator: Old Designator=R331 New Designator=R?
Change Component Designator: Old Designator=R332 New Designator=R?
Change Component Designator: Old Designator=R333 New Designator=R?
Change Component Designator: Old Designator=R334 New Designator=R?
Change Component Designator: Old Designator=R335 New Designator=R?
Change Component Designator: Old Designator=R336 New Designator=R?
Change Component Designator: Old Designator=R337 New Designator=R?
Change Component Designator: Old Designator=R338 New Designator=R?
Change Component Designator: Old Designator=R339 New Designator=R?
Change Component Designator: Old Designator=R340 New Designator=R?
Change Component Designator: Old Designator=SB7 New Designator=SB?
Change Component Designator: Old Designator=TP25 New Designator=TP?
Change Component Designator: Old Designator=U33 New Designator=U?
Change Component Designator: Old Designator=Y5 New Designator=Y?
