Change Component Designator: Old Designator=C? New Designator=C235
Change Component Designator: Old Designator=C? New Designator=C236
Change Component Designator: Old Designator=D? New Designator=D22
Change Component Designator: Old Designator=D? New Designator=D23
Change Component Designator: Old Designator=Q? New Designator=Q5
Change Component Designator: Old Designator=R? New Designator=R360
Change Component Designator: Old Designator=R? New Designator=R361
Change Component Designator: Old Designator=R? New Designator=R362
Change Component Designator: Old Designator=R? New Designator=R363
Change Component Designator: Old Designator=R? New Designator=R364
Change Component Designator: Old Designator=R? New Designator=R365
Change Component Designator: Old Designator=R? New Designator=R366
Change Component Designator: Old Designator=R? New Designator=R367
Change Component Designator: Old Designator=R? New Designator=R368
Change Component Designator: Old Designator=R? New Designator=R369
Change Component Designator: Old Designator=R? New Designator=R370
Change Component Designator: Old Designator=R? New Designator=R371
Change Component Designator: Old Designator=R? New Designator=R372
Change Component Designator: Old Designator=R? New Designator=R373
Change Component Designator: Old Designator=R? New Designator=R374
Change Component Designator: Old Designator=R? New Designator=R375
Change Component Designator: Old Designator=R? New Designator=R376
Change Component Designator: Old Designator=R? New Designator=R377
Change Component Designator: Old Designator=R? New Designator=R378
Change Component Designator: Old Designator=U? New Designator=U38
Change Component Designator: Old Designator=U? New Designator=U39
