Change Component Designator: Old Designator=C235 New Designator=C?
Change Component Designator: Old Designator=C236 New Designator=C?
Change Component Designator: Old Designator=D22 New Designator=D?
Change Component Designator: Old Designator=D23 New Designator=D?
Change Component Designator: Old Designator=Q5 New Designator=Q?
Change Component Designator: Old Designator=R360 New Designator=R?
Change Component Designator: Old Designator=R361 New Designator=R?
Change Component Designator: Old Designator=R362 New Designator=R?
Change Component Designator: Old Designator=R363 New Designator=R?
Change Component Designator: Old Designator=R364 New Designator=R?
Change Component Designator: Old Designator=R365 New Designator=R?
Change Component Designator: Old Designator=R366 New Designator=R?
Change Component Designator: Old Designator=R367 New Designator=R?
Change Component Designator: Old Designator=R368 New Designator=R?
Change Component Designator: Old Designator=R369 New Designator=R?
Change Component Designator: Old Designator=R370 New Designator=R?
Change Component Designator: Old Designator=R371 New Designator=R?
Change Component Designator: Old Designator=R372 New Designator=R?
Change Component Designator: Old Designator=R373 New Designator=R?
Change Component Designator: Old Designator=R374 New Designator=R?
Change Component Designator: Old Designator=R375 New Designator=R?
Change Component Designator: Old Designator=R376 New Designator=R?
Change Component Designator: Old Designator=R377 New Designator=R?
Change Component Designator: Old Designator=R378 New Designator=R?
Change Component Designator: Old Designator=U38 New Designator=U?
Change Component Designator: Old Designator=U39 New Designator=U?
