Change Component Designator: Old Designator=C165 New Designator=C?
Change Component Designator: Old Designator=C166 New Designator=C?
Change Component Designator: Old Designator=C167 New Designator=C?
Change Component Designator: Old Designator=C168 New Designator=C?
Change Component Designator: Old Designator=C169 New Designator=C?
Change Component Designator: Old Designator=C170 New Designator=C?
Change Component Designator: Old Designator=C171 New Designator=C?
Change Component Designator: Old Designator=C173 New Designator=C?
Change Component Designator: Old Designator=C174 New Designator=C?
Change Component Designator: Old Designator=C175 New Designator=C?
Change Component Designator: Old Designator=C176 New Designator=C?
Change Component Designator: Old Designator=C177 New Designator=C?
Change Component Designator: Old Designator=C178 New Designator=C?
Change Component Designator: Old Designator=C179 New Designator=C?
Change Component Designator: Old Designator=C180 New Designator=C?
Change Component Designator: Old Designator=D4 New Designator=D?
Change Component Designator: Old Designator=D5 New Designator=D?
Change Component Designator: Old Designator=D6 New Designator=D?
Change Component Designator: Old Designator=D7 New Designator=D?
Change Component Designator: Old Designator=D8 New Designator=D?
Change Component Designator: Old Designator=D9 New Designator=D?
Change Component Designator: Old Designator=D10 New Designator=D?
Change Component Designator: Old Designator=J1 New Designator=J?
Change Component Designator: Old Designator=J11 New Designator=J?
Change Component Designator: Old Designator=JP3 New Designator=JP?
Change Component Designator: Old Designator=L5 New Designator=L?
Change Component Designator: Old Designator=R49 New Designator=R?
Change Component Designator: Old Designator=R200 New Designator=R?
Change Component Designator: Old Designator=R201 New Designator=R?
Change Component Designator: Old Designator=R202 New Designator=R?
Change Component Designator: Old Designator=R203 New Designator=R?
Change Component Designator: Old Designator=R204 New Designator=R?
Change Component Designator: Old Designator=R205 New Designator=R?
Change Component Designator: Old Designator=R206 New Designator=R?
Change Component Designator: Old Designator=R207 New Designator=R?
Change Component Designator: Old Designator=R208 New Designator=R?
Change Component Designator: Old Designator=R209 New Designator=R?
Change Component Designator: Old Designator=R210 New Designator=R?
Change Component Designator: Old Designator=R211 New Designator=R?
Change Component Designator: Old Designator=R212 New Designator=R?
Change Component Designator: Old Designator=R213 New Designator=R?
Change Component Designator: Old Designator=SB2 New Designator=SB?
Change Component Designator: Old Designator=TP22 New Designator=TP?
Change Component Designator: Old Designator=U22 New Designator=U?
Change Component Designator: Old Designator=U23 New Designator=U?
Change Component Designator: Old Designator=VR1 New Designator=VR?
Change Component Designator: Old Designator=VR2 New Designator=VR?
