Change Component Designator: Old Designator=C? New Designator=C174
Change Component Designator: Old Designator=C? New Designator=C175
Change Component Designator: Old Designator=C? New Designator=C176
Change Component Designator: Old Designator=C? New Designator=C177
Change Component Designator: Old Designator=C? New Designator=C178
Change Component Designator: Old Designator=C? New Designator=C179
Change Component Designator: Old Designator=C? New Designator=C180
Change Component Designator: Old Designator=C? New Designator=C181
Change Component Designator: Old Designator=C? New Designator=C182
Change Component Designator: Old Designator=C? New Designator=C183
Change Component Designator: Old Designator=C? New Designator=C184
Change Component Designator: Old Designator=C? New Designator=C185
Change Component Designator: Old Designator=C? New Designator=C186
Change Component Designator: Old Designator=C? New Designator=C187
Change Component Designator: Old Designator=C? New Designator=C188
Change Component Designator: Old Designator=D? New Designator=D6
Change Component Designator: Old Designator=D? New Designator=D7
Change Component Designator: Old Designator=D? New Designator=D8
Change Component Designator: Old Designator=D? New Designator=D9
Change Component Designator: Old Designator=D? New Designator=D10
Change Component Designator: Old Designator=D? New Designator=D11
Change Component Designator: Old Designator=D? New Designator=D12
Change Component Designator: Old Designator=J? New Designator=J8
Change Component Designator: Old Designator=J? New Designator=J9
Change Component Designator: Old Designator=JP? New Designator=JP6
Change Component Designator: Old Designator=L? New Designator=L5
Change Component Designator: Old Designator=R? New Designator=R243
Change Component Designator: Old Designator=R? New Designator=R244
Change Component Designator: Old Designator=R? New Designator=R245
Change Component Designator: Old Designator=R? New Designator=R246
Change Component Designator: Old Designator=R? New Designator=R247
Change Component Designator: Old Designator=R? New Designator=R248
Change Component Designator: Old Designator=R? New Designator=R249
Change Component Designator: Old Designator=R? New Designator=R250
Change Component Designator: Old Designator=R? New Designator=R251
Change Component Designator: Old Designator=R? New Designator=R252
Change Component Designator: Old Designator=R? New Designator=R253
Change Component Designator: Old Designator=R? New Designator=R254
Change Component Designator: Old Designator=R? New Designator=R255
Change Component Designator: Old Designator=R? New Designator=R256
Change Component Designator: Old Designator=R? New Designator=R257
Change Component Designator: Old Designator=SB? New Designator=SB5
Change Component Designator: Old Designator=TP? New Designator=TP24
Change Component Designator: Old Designator=U? New Designator=U26
Change Component Designator: Old Designator=U? New Designator=U27
Change Component Designator: Old Designator=U? New Designator=U28
Change Component Designator: Old Designator=U? New Designator=U29
