Change Component Designator: Old Designator=C174 New Designator=C?
Change Component Designator: Old Designator=C175 New Designator=C?
Change Component Designator: Old Designator=C176 New Designator=C?
Change Component Designator: Old Designator=C177 New Designator=C?
Change Component Designator: Old Designator=C178 New Designator=C?
Change Component Designator: Old Designator=C179 New Designator=C?
Change Component Designator: Old Designator=C180 New Designator=C?
Change Component Designator: Old Designator=C181 New Designator=C?
Change Component Designator: Old Designator=C182 New Designator=C?
Change Component Designator: Old Designator=C183 New Designator=C?
Change Component Designator: Old Designator=C184 New Designator=C?
Change Component Designator: Old Designator=C185 New Designator=C?
Change Component Designator: Old Designator=C186 New Designator=C?
Change Component Designator: Old Designator=C187 New Designator=C?
Change Component Designator: Old Designator=C188 New Designator=C?
Change Component Designator: Old Designator=D6 New Designator=D?
Change Component Designator: Old Designator=D7 New Designator=D?
Change Component Designator: Old Designator=D8 New Designator=D?
Change Component Designator: Old Designator=D9 New Designator=D?
Change Component Designator: Old Designator=D10 New Designator=D?
Change Component Designator: Old Designator=D11 New Designator=D?
Change Component Designator: Old Designator=D12 New Designator=D?
Change Component Designator: Old Designator=J8 New Designator=J?
Change Component Designator: Old Designator=J9 New Designator=J?
Change Component Designator: Old Designator=JP6 New Designator=JP?
Change Component Designator: Old Designator=L5 New Designator=L?
Change Component Designator: Old Designator=R243 New Designator=R?
Change Component Designator: Old Designator=R244 New Designator=R?
Change Component Designator: Old Designator=R245 New Designator=R?
Change Component Designator: Old Designator=R246 New Designator=R?
Change Component Designator: Old Designator=R247 New Designator=R?
Change Component Designator: Old Designator=R248 New Designator=R?
Change Component Designator: Old Designator=R249 New Designator=R?
Change Component Designator: Old Designator=R250 New Designator=R?
Change Component Designator: Old Designator=R251 New Designator=R?
Change Component Designator: Old Designator=R252 New Designator=R?
Change Component Designator: Old Designator=R253 New Designator=R?
Change Component Designator: Old Designator=R254 New Designator=R?
Change Component Designator: Old Designator=R255 New Designator=R?
Change Component Designator: Old Designator=R256 New Designator=R?
Change Component Designator: Old Designator=R257 New Designator=R?
Change Component Designator: Old Designator=SB5 New Designator=SB?
Change Component Designator: Old Designator=TP24 New Designator=TP?
Change Component Designator: Old Designator=U26 New Designator=U?
Change Component Designator: Old Designator=U27 New Designator=U?
Change Component Designator: Old Designator=U28 New Designator=U?
Change Component Designator: Old Designator=U29 New Designator=U?
